{"/home/kadyrov_suleyman/vue/gotbit-test-task/src/component/header/header.vue": {"path":"/home/kadyrov_suleyman/vue/gotbit-test-task/src/component/header/header.vue","statementMap":{"0":{"start":{"line":3,"column":0},"end":{"line":3,"column":null}},"1":{"start":{"line":4,"column":0},"end":{"line":4,"column":null}},"2":{"start":{"line":5,"column":0},"end":{"line":5,"column":null}},"3":{"start":{"line":6,"column":0},"end":{"line":6,"column":null}},"4":{"start":{"line":7,"column":0},"end":{"line":7,"column":null}},"5":{"start":{"line":11,"column":13},"end":{"line":11,"column":22}},"6":{"start":{"line":11,"column":28},"end":{"line":11,"column":29}}},"fnMap":{"0":{"name":"(anonymous_4)","decl":{"start":{"line":11,"column":22},"end":{"line":11,"column":28}},"loc":{"start":{"line":11,"column":22},"end":{"line":11,"column":null}}}},"branchMap":{"0":{"loc":{"start":{"line":11,"column":37},"end":{"line":11,"column":62}},"type":"binary-expr","locations":[{"start":{"line":11,"column":37},"end":{"line":11,"column":51}},{"start":{"line":11,"column":51},"end":{"line":11,"column":62}}]}},"s":{"0":2,"1":2,"2":2,"3":2,"4":2,"5":4,"6":4},"f":{"0":4},"b":{"0":[4,4]}}
,"/home/kadyrov_suleyman/vue/gotbit-test-task/src/component/header/navPanel/navPanel.vue": {"path":"/home/kadyrov_suleyman/vue/gotbit-test-task/src/component/header/navPanel/navPanel.vue","statementMap":{"0":{"start":{"line":3,"column":0},"end":{"line":3,"column":null}},"1":{"start":{"line":4,"column":0},"end":{"line":4,"column":null}},"2":{"start":{"line":5,"column":0},"end":{"line":5,"column":null}},"3":{"start":{"line":6,"column":0},"end":{"line":6,"column":null}},"4":{"start":{"line":8,"column":0},"end":{"line":8,"column":null}},"5":{"start":{"line":12,"column":13},"end":{"line":12,"column":22}},"6":{"start":{"line":12,"column":28},"end":{"line":12,"column":29}}},"fnMap":{"0":{"name":"(anonymous_4)","decl":{"start":{"line":12,"column":22},"end":{"line":12,"column":28}},"loc":{"start":{"line":12,"column":22},"end":{"line":12,"column":null}}}},"branchMap":{"0":{"loc":{"start":{"line":12,"column":37},"end":{"line":12,"column":64}},"type":"binary-expr","locations":[{"start":{"line":12,"column":37},"end":{"line":12,"column":51}},{"start":{"line":12,"column":51},"end":{"line":12,"column":64}}]}},"s":{"0":3,"1":3,"2":3,"3":3,"4":3,"5":8,"6":8},"f":{"0":8},"b":{"0":[8,8]}}
,"/home/kadyrov_suleyman/vue/gotbit-test-task/src/component/header/navPanel/navButton/navButton.vue": {"path":"/home/kadyrov_suleyman/vue/gotbit-test-task/src/component/header/navPanel/navButton/navButton.vue","statementMap":{"0":{"start":{"line":3,"column":0},"end":{"line":3,"column":null}},"1":{"start":{"line":4,"column":0},"end":{"line":4,"column":null}},"2":{"start":{"line":5,"column":0},"end":{"line":5,"column":null}},"3":{"start":{"line":6,"column":0},"end":{"line":6,"column":null}},"4":{"start":{"line":20,"column":13},"end":{"line":20,"column":22}},"5":{"start":{"line":20,"column":28},"end":{"line":20,"column":29}}},"fnMap":{"0":{"name":"(anonymous_6)","decl":{"start":{"line":20,"column":22},"end":{"line":20,"column":28}},"loc":{"start":{"line":20,"column":22},"end":{"line":23,"column":null}}}},"branchMap":{"0":{"loc":{"start":{"line":21,"column":8},"end":{"line":21,"column":null}},"type":"binary-expr","locations":[{"start":{"line":21,"column":8},"end":{"line":21,"column":22}},{"start":{"line":21,"column":22},"end":{"line":21,"column":null}}]},"1":{"loc":{"start":{"line":22,"column":27},"end":{"line":22,"column":32}},"type":"binary-expr","locations":[{"start":{"line":22,"column":27},"end":{"line":22,"column":45}},{"start":{"line":22,"column":45},"end":{"line":22,"column":null}}]},"2":{"loc":{"start":{"line":22,"column":45},"end":{"line":22,"column":null}},"type":"cond-expr","locations":[{"start":{"line":22,"column":55},"end":{"line":22,"column":57}},{"start":{"line":22,"column":55},"end":{"line":22,"column":null}}]},"3":{"loc":{"start":{"line":22,"column":45},"end":{"line":22,"column":57}},"type":"binary-expr","locations":[{"start":{"line":22,"column":45},"end":{"line":22,"column":57}},{"start":{"line":22,"column":55},"end":{"line":22,"column":57}}]}},"s":{"0":4,"1":4,"2":4,"3":4,"4":29,"5":43},"f":{"0":43},"b":{"0":[43,43],"1":[43,29],"2":[0,29],"3":[29,29]}}
,"/home/kadyrov_suleyman/vue/gotbit-test-task/src/component/header/walletBlock/adapter.ts": {"path":"/home/kadyrov_suleyman/vue/gotbit-test-task/src/component/header/walletBlock/adapter.ts","statementMap":{"0":{"start":{"line":8,"column":22},"end":{"line":8,"column":6}},"1":{"start":{"line":8,"column":45},"end":{"line":8,"column":null}},"2":{"start":{"line":10,"column":21},"end":{"line":10,"column":26}},"3":{"start":{"line":8,"column":13},"end":{"line":8,"column":18}},"4":{"start":{"line":13,"column":47},"end":{"line":15,"column":null}},"5":{"start":{"line":13,"column":69},"end":{"line":15,"column":null}},"6":{"start":{"line":14,"column":2},"end":{"line":14,"column":7}},"7":{"start":{"line":13,"column":13},"end":{"line":13,"column":43}}},"fnMap":{"0":{"name":"(anonymous_0)","decl":{"start":{"line":8,"column":22},"end":{"line":8,"column":45}},"loc":{"start":{"line":8,"column":45},"end":{"line":8,"column":null}}},"1":{"name":"(anonymous_1)","decl":{"start":{"line":10,"column":15},"end":{"line":10,"column":21}},"loc":{"start":{"line":10,"column":21},"end":{"line":10,"column":26}}},"2":{"name":"(anonymous_2)","decl":{"start":{"line":13,"column":47},"end":{"line":13,"column":69}},"loc":{"start":{"line":13,"column":69},"end":{"line":15,"column":null}}},"3":{"name":"(anonymous_3)","decl":{"start":{"line":13,"column":69},"end":{"line":13,"column":74}},"loc":{"start":{"line":13,"column":74},"end":{"line":15,"column":null}}}},"branchMap":{},"s":{"0":1,"1":2,"2":0,"3":1,"4":1,"5":2,"6":0,"7":1},"f":{"0":2,"1":0,"2":2,"3":0},"b":{}}
,"/home/kadyrov_suleyman/vue/gotbit-test-task/src/component/header/walletBlock/connectBlock/connectBlock.vue": {"path":"/home/kadyrov_suleyman/vue/gotbit-test-task/src/component/header/walletBlock/connectBlock/connectBlock.vue","statementMap":{"0":{"start":{"line":3,"column":0},"end":{"line":3,"column":null}},"1":{"start":{"line":4,"column":0},"end":{"line":4,"column":null}},"2":{"start":{"line":5,"column":0},"end":{"line":5,"column":null}},"3":{"start":{"line":7,"column":0},"end":{"line":7,"column":null}},"4":{"start":{"line":20,"column":13},"end":{"line":20,"column":22}},"5":{"start":{"line":20,"column":28},"end":{"line":20,"column":29}}},"fnMap":{"0":{"name":"(anonymous_6)","decl":{"start":{"line":20,"column":22},"end":{"line":20,"column":28}},"loc":{"start":{"line":20,"column":22},"end":{"line":20,"column":null}}}},"branchMap":{"0":{"loc":{"start":{"line":20,"column":37},"end":{"line":20,"column":68}},"type":"binary-expr","locations":[{"start":{"line":20,"column":37},"end":{"line":20,"column":51}},{"start":{"line":20,"column":51},"end":{"line":20,"column":68}}]}},"s":{"0":4,"1":4,"2":4,"3":4,"4":11,"5":11},"f":{"0":11},"b":{"0":[11,11]}}
,"/home/kadyrov_suleyman/vue/gotbit-test-task/src/component/header/walletBlock/walletDiv/addressBlock/addressBlock.vue": {"path":"/home/kadyrov_suleyman/vue/gotbit-test-task/src/component/header/walletBlock/walletDiv/addressBlock/addressBlock.vue","statementMap":{"0":{"start":{"line":3,"column":0},"end":{"line":3,"column":null}},"1":{"start":{"line":4,"column":0},"end":{"line":4,"column":null}},"2":{"start":{"line":5,"column":0},"end":{"line":5,"column":null}},"3":{"start":{"line":6,"column":0},"end":{"line":6,"column":null}},"4":{"start":{"line":7,"column":0},"end":{"line":7,"column":null}},"5":{"start":{"line":20,"column":13},"end":{"line":20,"column":22}},"6":{"start":{"line":20,"column":28},"end":{"line":20,"column":29}}},"fnMap":{"0":{"name":"(anonymous_6)","decl":{"start":{"line":20,"column":22},"end":{"line":20,"column":28}},"loc":{"start":{"line":20,"column":22},"end":{"line":20,"column":null}}}},"branchMap":{"0":{"loc":{"start":{"line":20,"column":37},"end":{"line":20,"column":68}},"type":"binary-expr","locations":[{"start":{"line":20,"column":37},"end":{"line":20,"column":51}},{"start":{"line":20,"column":51},"end":{"line":20,"column":68}}]}},"s":{"0":5,"1":5,"2":5,"3":5,"4":5,"5":9,"6":9},"f":{"0":9},"b":{"0":[9,9]}}
,"/home/kadyrov_suleyman/vue/gotbit-test-task/src/component/modals/baseNotification/autoClose.ts": {"path":"/home/kadyrov_suleyman/vue/gotbit-test-task/src/component/modals/baseNotification/autoClose.ts","statementMap":{"0":{"start":{"line":1,"column":0},"end":{"line":1,"column":null}},"1":{"start":{"line":3,"column":13},"end":{"line":3,"column":30}},"2":{"start":{"line":5,"column":18},"end":{"line":13,"column":null}},"3":{"start":{"line":8,"column":2},"end":{"line":8,"column":12}},"4":{"start":{"line":9,"column":4},"end":{"line":9,"column":9}},"5":{"start":{"line":12,"column":2},"end":{"line":12,"column":14}},"6":{"start":{"line":12,"column":20},"end":{"line":12,"column":33}},"7":{"start":{"line":15,"column":0},"end":{"line":15,"column":15}}},"fnMap":{"0":{"name":"(anonymous_0)","decl":{"start":{"line":5,"column":18},"end":{"line":5,"column":19}},"loc":{"start":{"line":5,"column":72},"end":{"line":13,"column":null}}},"1":{"name":"(anonymous_1)","decl":{"start":{"line":8,"column":12},"end":{"line":8,"column":17}},"loc":{"start":{"line":8,"column":17},"end":{"line":10,"column":null}}},"2":{"name":"(anonymous_2)","decl":{"start":{"line":12,"column":14},"end":{"line":12,"column":20}},"loc":{"start":{"line":12,"column":20},"end":{"line":12,"column":33}}}},"branchMap":{"0":{"loc":{"start":{"line":5,"column":47},"end":{"line":5,"column":72}},"type":"default-arg","locations":[{"start":{"line":5,"column":54},"end":{"line":5,"column":72}}]}},"s":{"0":5,"1":5,"2":5,"3":13,"4":13,"5":13,"6":12,"7":5},"f":{"0":13,"1":13,"2":12},"b":{"0":[10]}}
,"/home/kadyrov_suleyman/vue/gotbit-test-task/src/component/modals/baseNotification/baseNotification.vue": {"path":"/home/kadyrov_suleyman/vue/gotbit-test-task/src/component/modals/baseNotification/baseNotification.vue","statementMap":{"0":{"start":{"line":3,"column":0},"end":{"line":3,"column":null}},"1":{"start":{"line":4,"column":0},"end":{"line":4,"column":null}},"2":{"start":{"line":5,"column":0},"end":{"line":5,"column":null}},"3":{"start":{"line":6,"column":0},"end":{"line":6,"column":null}},"4":{"start":{"line":7,"column":0},"end":{"line":7,"column":null}},"5":{"start":{"line":18,"column":13},"end":{"line":18,"column":22}},"6":{"start":{"line":18,"column":28},"end":{"line":18,"column":29}},"7":{"start":{"line":20,"column":0},"end":{"line":20,"column":10}}},"fnMap":{"0":{"name":"(anonymous_5)","decl":{"start":{"line":18,"column":22},"end":{"line":18,"column":28}},"loc":{"start":{"line":18,"column":22},"end":{"line":18,"column":null}}}},"branchMap":{"0":{"loc":{"start":{"line":18,"column":37},"end":{"line":18,"column":68}},"type":"binary-expr","locations":[{"start":{"line":18,"column":37},"end":{"line":18,"column":51}},{"start":{"line":18,"column":51},"end":{"line":18,"column":68}}]}},"s":{"0":4,"1":4,"2":4,"3":4,"4":4,"5":11,"6":11,"7":11},"f":{"0":11},"b":{"0":[11,11]}}
,"/home/kadyrov_suleyman/vue/gotbit-test-task/src/component/modals/connectWalletModal/connectWalletModal.vue": {"path":"/home/kadyrov_suleyman/vue/gotbit-test-task/src/component/modals/connectWalletModal/connectWalletModal.vue","statementMap":{"0":{"start":{"line":3,"column":0},"end":{"line":3,"column":null}},"1":{"start":{"line":4,"column":0},"end":{"line":4,"column":null}},"2":{"start":{"line":5,"column":0},"end":{"line":5,"column":null}},"3":{"start":{"line":6,"column":0},"end":{"line":6,"column":null}},"4":{"start":{"line":7,"column":0},"end":{"line":7,"column":null}},"5":{"start":{"line":8,"column":0},"end":{"line":8,"column":null}},"6":{"start":{"line":9,"column":0},"end":{"line":9,"column":null}},"7":{"start":{"line":10,"column":0},"end":{"line":10,"column":null}},"8":{"start":{"line":11,"column":0},"end":{"line":11,"column":null}},"9":{"start":{"line":18,"column":13},"end":{"line":18,"column":22}},"10":{"start":{"line":18,"column":28},"end":{"line":18,"column":29}},"11":{"start":{"line":20,"column":14},"end":{"line":20,"column":null}},"12":{"start":{"line":21,"column":14},"end":{"line":21,"column":23}},"13":{"start":{"line":21,"column":29},"end":{"line":21,"column":35}},"14":{"start":{"line":22,"column":21},"end":{"line":22,"column":40}}},"fnMap":{"0":{"name":"(anonymous_4)","decl":{"start":{"line":18,"column":22},"end":{"line":18,"column":28}},"loc":{"start":{"line":18,"column":22},"end":{"line":18,"column":null}}},"1":{"name":"(anonymous_5)","decl":{"start":{"line":21,"column":23},"end":{"line":21,"column":29}},"loc":{"start":{"line":21,"column":23},"end":{"line":21,"column":null}}}},"branchMap":{"0":{"loc":{"start":{"line":18,"column":37},"end":{"line":18,"column":74}},"type":"binary-expr","locations":[{"start":{"line":18,"column":37},"end":{"line":18,"column":51}},{"start":{"line":18,"column":51},"end":{"line":18,"column":74}}]}},"s":{"0":2,"1":2,"2":2,"3":2,"4":2,"5":2,"6":2,"7":2,"8":2,"9":5,"10":5,"11":5,"12":5,"13":8,"14":5},"f":{"0":5,"1":8},"b":{"0":[5,5]}}
,"/home/kadyrov_suleyman/vue/gotbit-test-task/src/component/modals/connectWalletModal/handlers.ts": {"path":"/home/kadyrov_suleyman/vue/gotbit-test-task/src/component/modals/connectWalletModal/handlers.ts","statementMap":{"0":{"start":{"line":4,"column":28},"end":{"line":6,"column":null}},"1":{"start":{"line":4,"column":59},"end":{"line":6,"column":null}},"2":{"start":{"line":5,"column":2},"end":{"line":5,"column":7}},"3":{"start":{"line":8,"column":0},"end":{"line":8,"column":15}}},"fnMap":{"0":{"name":"(anonymous_0)","decl":{"start":{"line":4,"column":28},"end":{"line":4,"column":59}},"loc":{"start":{"line":4,"column":59},"end":{"line":6,"column":null}}},"1":{"name":"(anonymous_1)","decl":{"start":{"line":4,"column":59},"end":{"line":4,"column":64}},"loc":{"start":{"line":4,"column":64},"end":{"line":6,"column":null}}}},"branchMap":{},"s":{"0":2,"1":5,"2":1,"3":2},"f":{"0":5,"1":1},"b":{}}
,"/home/kadyrov_suleyman/vue/gotbit-test-task/src/component/modals/copied/copied.vue": {"path":"/home/kadyrov_suleyman/vue/gotbit-test-task/src/component/modals/copied/copied.vue","statementMap":{"0":{"start":{"line":3,"column":0},"end":{"line":3,"column":null}},"1":{"start":{"line":4,"column":0},"end":{"line":4,"column":null}},"2":{"start":{"line":5,"column":0},"end":{"line":5,"column":null}},"3":{"start":{"line":7,"column":0},"end":{"line":7,"column":null}},"4":{"start":{"line":8,"column":0},"end":{"line":8,"column":null}},"5":{"start":{"line":9,"column":0},"end":{"line":9,"column":null}},"6":{"start":{"line":10,"column":0},"end":{"line":10,"column":null}},"7":{"start":{"line":17,"column":13},"end":{"line":17,"column":22}},"8":{"start":{"line":17,"column":28},"end":{"line":17,"column":29}},"9":{"start":{"line":19,"column":14},"end":{"line":19,"column":null}},"10":{"start":{"line":20,"column":14},"end":{"line":20,"column":23}},"11":{"start":{"line":20,"column":29},"end":{"line":20,"column":35}},"12":{"start":{"line":22,"column":21},"end":{"line":22,"column":40}}},"fnMap":{"0":{"name":"(anonymous_4)","decl":{"start":{"line":17,"column":22},"end":{"line":17,"column":28}},"loc":{"start":{"line":17,"column":22},"end":{"line":17,"column":null}}},"1":{"name":"(anonymous_5)","decl":{"start":{"line":20,"column":23},"end":{"line":20,"column":29}},"loc":{"start":{"line":20,"column":23},"end":{"line":20,"column":null}}}},"branchMap":{"0":{"loc":{"start":{"line":17,"column":37},"end":{"line":17,"column":62}},"type":"binary-expr","locations":[{"start":{"line":17,"column":37},"end":{"line":17,"column":51}},{"start":{"line":17,"column":51},"end":{"line":17,"column":62}}]}},"s":{"0":2,"1":2,"2":2,"3":2,"4":2,"5":2,"6":2,"7":3,"8":3,"9":3,"10":3,"11":4,"12":3},"f":{"0":3,"1":4},"b":{"0":[3,3]}}
,"/home/kadyrov_suleyman/vue/gotbit-test-task/src/component/modals/copied/handlers.ts": {"path":"/home/kadyrov_suleyman/vue/gotbit-test-task/src/component/modals/copied/handlers.ts","statementMap":{"0":{"start":{"line":4,"column":28},"end":{"line":6,"column":null}},"1":{"start":{"line":4,"column":59},"end":{"line":6,"column":null}},"2":{"start":{"line":5,"column":2},"end":{"line":5,"column":7}},"3":{"start":{"line":8,"column":0},"end":{"line":8,"column":15}}},"fnMap":{"0":{"name":"(anonymous_0)","decl":{"start":{"line":4,"column":28},"end":{"line":4,"column":59}},"loc":{"start":{"line":4,"column":59},"end":{"line":6,"column":null}}},"1":{"name":"(anonymous_1)","decl":{"start":{"line":4,"column":59},"end":{"line":4,"column":64}},"loc":{"start":{"line":4,"column":64},"end":{"line":6,"column":null}}}},"branchMap":{},"s":{"0":2,"1":3,"2":0,"3":2},"f":{"0":3,"1":0},"b":{}}
}
