TN:
SF:src/component/header/header.vue
FN:11,(anonymous_4)
FNF:1
FNH:1
FNDA:4,(anonymous_4)
DA:3,2
DA:4,2
DA:5,2
DA:6,2
DA:7,2
DA:11,4
LF:6
LH:6
BRDA:11,0,0,4
BRDA:11,0,1,4
BRF:2
BRH:2
end_of_record
TN:
SF:src/component/header/navPanel/navPanel.vue
FN:12,(anonymous_4)
FNF:1
FNH:1
FNDA:8,(anonymous_4)
DA:3,3
DA:4,3
DA:5,3
DA:6,3
DA:8,3
DA:12,8
LF:6
LH:6
BRDA:12,0,0,8
BRDA:12,0,1,8
BRF:2
BRH:2
end_of_record
TN:
SF:src/component/header/navPanel/navButton/navButton.vue
FN:20,(anonymous_6)
FNF:1
FNH:1
FNDA:43,(anonymous_6)
DA:3,4
DA:4,4
DA:5,4
DA:6,4
DA:20,43
LF:5
LH:5
BRDA:21,0,0,43
BRDA:21,0,1,43
BRDA:22,1,0,43
BRDA:22,1,1,29
BRDA:22,2,0,0
BRDA:22,2,1,29
BRDA:22,3,0,29
BRDA:22,3,1,29
BRF:8
BRH:7
end_of_record
TN:
SF:src/component/header/walletBlock/adapter.ts
FN:8,(anonymous_0)
FN:10,(anonymous_1)
FN:13,(anonymous_2)
FN:13,(anonymous_3)
FNF:4
FNH:2
FNDA:2,(anonymous_0)
FNDA:0,(anonymous_1)
FNDA:2,(anonymous_2)
FNDA:0,(anonymous_3)
DA:8,2
DA:10,0
DA:13,2
DA:14,0
LF:4
LH:2
BRF:0
BRH:0
end_of_record
TN:
SF:src/component/header/walletBlock/connectBlock/connectBlock.vue
FN:20,(anonymous_6)
FNF:1
FNH:1
FNDA:11,(anonymous_6)
DA:3,4
DA:4,4
DA:5,4
DA:7,4
DA:20,11
LF:5
LH:5
BRDA:20,0,0,11
BRDA:20,0,1,11
BRF:2
BRH:2
end_of_record
TN:
SF:src/component/header/walletBlock/walletDiv/addressBlock/addressBlock.vue
FN:20,(anonymous_6)
FNF:1
FNH:1
FNDA:9,(anonymous_6)
DA:3,5
DA:4,5
DA:5,5
DA:6,5
DA:7,5
DA:20,9
LF:6
LH:6
BRDA:20,0,0,9
BRDA:20,0,1,9
BRF:2
BRH:2
end_of_record
TN:
SF:src/component/modals/baseNotification/autoClose.ts
FN:5,(anonymous_0)
FN:8,(anonymous_1)
FN:12,(anonymous_2)
FNF:3
FNH:3
FNDA:13,(anonymous_0)
FNDA:13,(anonymous_1)
FNDA:12,(anonymous_2)
DA:1,5
DA:3,5
DA:5,5
DA:8,13
DA:9,13
DA:12,13
DA:15,5
LF:7
LH:7
BRDA:5,0,0,10
BRF:1
BRH:1
end_of_record
TN:
SF:src/component/modals/baseNotification/baseNotification.vue
FN:18,(anonymous_5)
FNF:1
FNH:1
FNDA:11,(anonymous_5)
DA:3,4
DA:4,4
DA:5,4
DA:6,4
DA:7,4
DA:18,11
DA:20,11
LF:7
LH:7
BRDA:18,0,0,11
BRDA:18,0,1,11
BRF:2
BRH:2
end_of_record
TN:
SF:src/component/modals/connectWalletModal/connectWalletModal.vue
FN:18,(anonymous_4)
FN:21,(anonymous_5)
FNF:2
FNH:2
FNDA:5,(anonymous_4)
FNDA:8,(anonymous_5)
DA:3,2
DA:4,2
DA:5,2
DA:6,2
DA:7,2
DA:8,2
DA:9,2
DA:10,2
DA:11,2
DA:18,5
DA:20,5
DA:21,8
DA:22,5
LF:13
LH:13
BRDA:18,0,0,5
BRDA:18,0,1,5
BRF:2
BRH:2
end_of_record
TN:
SF:src/component/modals/connectWalletModal/handlers.ts
FN:4,(anonymous_0)
FN:4,(anonymous_1)
FNF:2
FNH:2
FNDA:5,(anonymous_0)
FNDA:1,(anonymous_1)
DA:4,5
DA:5,1
DA:8,2
LF:3
LH:3
BRF:0
BRH:0
end_of_record
TN:
SF:src/component/modals/copied/copied.vue
FN:17,(anonymous_4)
FN:20,(anonymous_5)
FNF:2
FNH:2
FNDA:3,(anonymous_4)
FNDA:4,(anonymous_5)
DA:3,2
DA:4,2
DA:5,2
DA:7,2
DA:8,2
DA:9,2
DA:10,2
DA:17,3
DA:19,3
DA:20,4
DA:22,3
LF:11
LH:11
BRDA:17,0,0,3
BRDA:17,0,1,3
BRF:2
BRH:2
end_of_record
TN:
SF:src/component/modals/copied/handlers.ts
FN:4,(anonymous_0)
FN:4,(anonymous_1)
FNF:2
FNH:1
FNDA:3,(anonymous_0)
FNDA:0,(anonymous_1)
DA:4,3
DA:5,0
DA:8,2
LF:3
LH:2
BRF:0
BRH:0
end_of_record
